<?xml version="1.0" encoding="UTF-8"?>
<testsuite xmlns:xsi="http://www.w3.org/2001/XMLSchema-instance" xsi:noNamespaceSchemaLocation="https://maven.apache.org/surefire/maven-surefire-plugin/xsd/surefire-test-report-3.0.xsd" version="3.0" name="com.ivan.communitymanagementsys.CommunityManagementSysApplicationTests" time="8.12" tests="4" errors="0" skipped="0" failures="0">
  <properties>
    <property name="java.specification.version" value="19"/>
    <property name="sun.cpu.isalist" value="amd64"/>
    <property name="sun.jnu.encoding" value="GBK"/>
    <property name="java.class.path" value="C:\Users\ivan&apos;s小新\Desktop\Study\大三下\软件工程综合实验\CommunityManagementSystem\BackEndCode\CommunityManagementSys\target\test-classes;C:\Users\ivan&apos;s小新\Desktop\Study\大三下\软件工程综合实验\CommunityManagementSystem\BackEndCode\CommunityManagementSys\target\classes;D:\JavaWeb\maven\apache-maven-3.9.3\mvn_repo\org\springframework\boot\spring-boot-starter-web\3.2.3\spring-boot-starter-web-3.2.3.jar;D:\JavaWeb\maven\apache-maven-3.9.3\mvn_repo\org\springframework\boot\spring-boot-starter\3.2.3\spring-boot-starter-3.2.3.jar;D:\JavaWeb\maven\apache-maven-3.9.3\mvn_repo\org\springframework\boot\spring-boot\3.2.3\spring-boot-3.2.3.jar;D:\JavaWeb\maven\apache-maven-3.9.3\mvn_repo\org\springframework\boot\spring-boot-starter-logging\3.2.3\spring-boot-starter-logging-3.2.3.jar;D:\JavaWeb\maven\apache-maven-3.9.3\mvn_repo\ch\qos\logback\logback-classic\1.4.14\logback-classic-1.4.14.jar;D:\JavaWeb\maven\apache-maven-3.9.3\mvn_repo\ch\qos\logback\logback-core\1.4.14\logback-core-1.4.14.jar;D:\JavaWeb\maven\apache-maven-3.9.3\mvn_repo\org\apache\logging\log4j\log4j-to-slf4j\2.21.1\log4j-to-slf4j-2.21.1.jar;D:\JavaWeb\maven\apache-maven-3.9.3\mvn_repo\org\apache\logging\log4j\log4j-api\2.21.1\log4j-api-2.21.1.jar;D:\JavaWeb\maven\apache-maven-3.9.3\mvn_repo\org\slf4j\jul-to-slf4j\2.0.12\jul-to-slf4j-2.0.12.jar;D:\JavaWeb\maven\apache-maven-3.9.3\mvn_repo\jakarta\annotation\jakarta.annotation-api\2.1.1\jakarta.annotation-api-2.1.1.jar;D:\JavaWeb\maven\apache-maven-3.9.3\mvn_repo\org\yaml\snakeyaml\2.2\snakeyaml-2.2.jar;D:\JavaWeb\maven\apache-maven-3.9.3\mvn_repo\org\springframework\boot\spring-boot-starter-json\3.2.3\spring-boot-starter-json-3.2.3.jar;D:\JavaWeb\maven\apache-maven-3.9.3\mvn_repo\com\fasterxml\jackson\datatype\jackson-datatype-jdk8\2.15.4\jackson-datatype-jdk8-2.15.4.jar;D:\JavaWeb\maven\apache-maven-3.9.3\mvn_repo\com\fasterxml\jackson\datatype\jackson-datatype-jsr310\2.15.4\jackson-datatype-jsr310-2.15.4.jar;D:\JavaWeb\maven\apache-maven-3.9.3\mvn_repo\com\fasterxml\jackson\module\jackson-module-parameter-names\2.15.4\jackson-module-parameter-names-2.15.4.jar;D:\JavaWeb\maven\apache-maven-3.9.3\mvn_repo\org\springframework\boot\spring-boot-starter-tomcat\3.2.3\spring-boot-starter-tomcat-3.2.3.jar;D:\JavaWeb\maven\apache-maven-3.9.3\mvn_repo\org\apache\tomcat\embed\tomcat-embed-core\10.1.19\tomcat-embed-core-10.1.19.jar;D:\JavaWeb\maven\apache-maven-3.9.3\mvn_repo\org\apache\tomcat\embed\tomcat-embed-el\10.1.19\tomcat-embed-el-10.1.19.jar;D:\JavaWeb\maven\apache-maven-3.9.3\mvn_repo\org\apache\tomcat\embed\tomcat-embed-websocket\10.1.19\tomcat-embed-websocket-10.1.19.jar;D:\JavaWeb\maven\apache-maven-3.9.3\mvn_repo\org\springframework\spring-web\6.1.4\spring-web-6.1.4.jar;D:\JavaWeb\maven\apache-maven-3.9.3\mvn_repo\org\springframework\spring-beans\6.1.4\spring-beans-6.1.4.jar;D:\JavaWeb\maven\apache-maven-3.9.3\mvn_repo\io\micrometer\micrometer-observation\1.12.3\micrometer-observation-1.12.3.jar;D:\JavaWeb\maven\apache-maven-3.9.3\mvn_repo\io\micrometer\micrometer-commons\1.12.3\micrometer-commons-1.12.3.jar;D:\JavaWeb\maven\apache-maven-3.9.3\mvn_repo\org\springframework\spring-webmvc\6.1.4\spring-webmvc-6.1.4.jar;D:\JavaWeb\maven\apache-maven-3.9.3\mvn_repo\org\springframework\spring-context\6.1.4\spring-context-6.1.4.jar;D:\JavaWeb\maven\apache-maven-3.9.3\mvn_repo\org\springframework\spring-expression\6.1.4\spring-expression-6.1.4.jar;D:\JavaWeb\maven\apache-maven-3.9.3\mvn_repo\org\mybatis\spring\boot\mybatis-spring-boot-starter\3.0.3\mybatis-spring-boot-starter-3.0.3.jar;D:\JavaWeb\maven\apache-maven-3.9.3\mvn_repo\org\springframework\boot\spring-boot-starter-jdbc\3.2.3\spring-boot-starter-jdbc-3.2.3.jar;D:\JavaWeb\maven\apache-maven-3.9.3\mvn_repo\com\zaxxer\HikariCP\5.0.1\HikariCP-5.0.1.jar;D:\JavaWeb\maven\apache-maven-3.9.3\mvn_repo\org\springframework\spring-jdbc\6.1.4\spring-jdbc-6.1.4.jar;D:\JavaWeb\maven\apache-maven-3.9.3\mvn_repo\org\mybatis\spring\boot\mybatis-spring-boot-autoconfigure\3.0.3\mybatis-spring-boot-autoconfigure-3.0.3.jar;D:\JavaWeb\maven\apache-maven-3.9.3\mvn_repo\org\mybatis\mybatis\3.5.14\mybatis-3.5.14.jar;D:\JavaWeb\maven\apache-maven-3.9.3\mvn_repo\org\mybatis\mybatis-spring\3.0.3\mybatis-spring-3.0.3.jar;D:\JavaWeb\maven\apache-maven-3.9.3\mvn_repo\com\mysql\mysql-connector-j\8.3.0\mysql-connector-j-8.3.0.jar;D:\JavaWeb\maven\apache-maven-3.9.3\mvn_repo\org\projectlombok\lombok\1.18.30\lombok-1.18.30.jar;D:\JavaWeb\maven\apache-maven-3.9.3\mvn_repo\org\springframework\boot\spring-boot-starter-test\3.2.3\spring-boot-starter-test-3.2.3.jar;D:\JavaWeb\maven\apache-maven-3.9.3\mvn_repo\org\springframework\boot\spring-boot-test\3.2.3\spring-boot-test-3.2.3.jar;D:\JavaWeb\maven\apache-maven-3.9.3\mvn_repo\org\springframework\boot\spring-boot-test-autoconfigure\3.2.3\spring-boot-test-autoconfigure-3.2.3.jar;D:\JavaWeb\maven\apache-maven-3.9.3\mvn_repo\com\jayway\jsonpath\json-path\2.9.0\json-path-2.9.0.jar;D:\JavaWeb\maven\apache-maven-3.9.3\mvn_repo\jakarta\xml\bind\jakarta.xml.bind-api\4.0.1\jakarta.xml.bind-api-4.0.1.jar;D:\JavaWeb\maven\apache-maven-3.9.3\mvn_repo\jakarta\activation\jakarta.activation-api\2.1.2\jakarta.activation-api-2.1.2.jar;D:\JavaWeb\maven\apache-maven-3.9.3\mvn_repo\net\minidev\json-smart\2.5.0\json-smart-2.5.0.jar;D:\JavaWeb\maven\apache-maven-3.9.3\mvn_repo\net\minidev\accessors-smart\2.5.0\accessors-smart-2.5.0.jar;D:\JavaWeb\maven\apache-maven-3.9.3\mvn_repo\org\ow2\asm\asm\9.3\asm-9.3.jar;D:\JavaWeb\maven\apache-maven-3.9.3\mvn_repo\org\assertj\assertj-core\3.24.2\assertj-core-3.24.2.jar;D:\JavaWeb\maven\apache-maven-3.9.3\mvn_repo\net\bytebuddy\byte-buddy\1.14.12\byte-buddy-1.14.12.jar;D:\JavaWeb\maven\apache-maven-3.9.3\mvn_repo\org\awaitility\awaitility\4.2.0\awaitility-4.2.0.jar;D:\JavaWeb\maven\apache-maven-3.9.3\mvn_repo\org\hamcrest\hamcrest\2.2\hamcrest-2.2.jar;D:\JavaWeb\maven\apache-maven-3.9.3\mvn_repo\org\junit\jupiter\junit-jupiter\5.10.2\junit-jupiter-5.10.2.jar;D:\JavaWeb\maven\apache-maven-3.9.3\mvn_repo\org\junit\jupiter\junit-jupiter-api\5.10.2\junit-jupiter-api-5.10.2.jar;D:\JavaWeb\maven\apache-maven-3.9.3\mvn_repo\org\opentest4j\opentest4j\1.3.0\opentest4j-1.3.0.jar;D:\JavaWeb\maven\apache-maven-3.9.3\mvn_repo\org\junit\platform\junit-platform-commons\1.10.2\junit-platform-commons-1.10.2.jar;D:\JavaWeb\maven\apache-maven-3.9.3\mvn_repo\org\apiguardian\apiguardian-api\1.1.2\apiguardian-api-1.1.2.jar;D:\JavaWeb\maven\apache-maven-3.9.3\mvn_repo\org\junit\jupiter\junit-jupiter-params\5.10.2\junit-jupiter-params-5.10.2.jar;D:\JavaWeb\maven\apache-maven-3.9.3\mvn_repo\org\junit\jupiter\junit-jupiter-engine\5.10.2\junit-jupiter-engine-5.10.2.jar;D:\JavaWeb\maven\apache-maven-3.9.3\mvn_repo\org\junit\platform\junit-platform-engine\1.10.2\junit-platform-engine-1.10.2.jar;D:\JavaWeb\maven\apache-maven-3.9.3\mvn_repo\org\mockito\mockito-core\5.7.0\mockito-core-5.7.0.jar;D:\JavaWeb\maven\apache-maven-3.9.3\mvn_repo\net\bytebuddy\byte-buddy-agent\1.14.12\byte-buddy-agent-1.14.12.jar;D:\JavaWeb\maven\apache-maven-3.9.3\mvn_repo\org\objenesis\objenesis\3.3\objenesis-3.3.jar;D:\JavaWeb\maven\apache-maven-3.9.3\mvn_repo\org\mockito\mockito-junit-jupiter\5.7.0\mockito-junit-jupiter-5.7.0.jar;D:\JavaWeb\maven\apache-maven-3.9.3\mvn_repo\org\skyscreamer\jsonassert\1.5.1\jsonassert-1.5.1.jar;D:\JavaWeb\maven\apache-maven-3.9.3\mvn_repo\com\vaadin\external\google\android-json\0.0.20131108.vaadin1\android-json-0.0.20131108.vaadin1.jar;D:\JavaWeb\maven\apache-maven-3.9.3\mvn_repo\org\springframework\spring-core\6.1.4\spring-core-6.1.4.jar;D:\JavaWeb\maven\apache-maven-3.9.3\mvn_repo\org\springframework\spring-jcl\6.1.4\spring-jcl-6.1.4.jar;D:\JavaWeb\maven\apache-maven-3.9.3\mvn_repo\org\springframework\spring-test\6.1.4\spring-test-6.1.4.jar;D:\JavaWeb\maven\apache-maven-3.9.3\mvn_repo\org\xmlunit\xmlunit-core\2.9.1\xmlunit-core-2.9.1.jar;D:\JavaWeb\maven\apache-maven-3.9.3\mvn_repo\org\mybatis\spring\boot\mybatis-spring-boot-starter-test\3.0.3\mybatis-spring-boot-starter-test-3.0.3.jar;D:\JavaWeb\maven\apache-maven-3.9.3\mvn_repo\org\mybatis\spring\boot\mybatis-spring-boot-test-autoconfigure\3.0.3\mybatis-spring-boot-test-autoconfigure-3.0.3.jar;D:\JavaWeb\maven\apache-maven-3.9.3\mvn_repo\org\springframework\spring-tx\6.1.4\spring-tx-6.1.4.jar;D:\JavaWeb\maven\apache-maven-3.9.3\mvn_repo\com\github\pagehelper\pagehelper\5.2.1\pagehelper-5.2.1.jar;D:\JavaWeb\maven\apache-maven-3.9.3\mvn_repo\com\github\jsqlparser\jsqlparser\4.0\jsqlparser-4.0.jar;D:\JavaWeb\maven\apache-maven-3.9.3\mvn_repo\com\github\pagehelper\pagehelper-spring-boot-starter\2.0.0\pagehelper-spring-boot-starter-2.0.0.jar;D:\JavaWeb\maven\apache-maven-3.9.3\mvn_repo\com\github\pagehelper\pagehelper-spring-boot-autoconfigure\2.0.0\pagehelper-spring-boot-autoconfigure-2.0.0.jar;D:\JavaWeb\maven\apache-maven-3.9.3\mvn_repo\com\github\xiaoymin\knife4j-openapi3-jakarta-spring-boot-starter\4.1.0\knife4j-openapi3-jakarta-spring-boot-starter-4.1.0.jar;D:\JavaWeb\maven\apache-maven-3.9.3\mvn_repo\com\github\xiaoymin\knife4j-core\4.1.0\knife4j-core-4.1.0.jar;D:\JavaWeb\maven\apache-maven-3.9.3\mvn_repo\com\github\xiaoymin\knife4j-openapi3-ui\4.1.0\knife4j-openapi3-ui-4.1.0.jar;D:\JavaWeb\maven\apache-maven-3.9.3\mvn_repo\org\springdoc\springdoc-openapi-starter-common\2.0.4\springdoc-openapi-starter-common-2.0.4.jar;D:\JavaWeb\maven\apache-maven-3.9.3\mvn_repo\io\swagger\core\v3\swagger-core-jakarta\2.2.8\swagger-core-jakarta-2.2.8.jar;D:\JavaWeb\maven\apache-maven-3.9.3\mvn_repo\org\springdoc\springdoc-openapi-starter-webflux-ui\2.0.4\springdoc-openapi-starter-webflux-ui-2.0.4.jar;D:\JavaWeb\maven\apache-maven-3.9.3\mvn_repo\org\springdoc\springdoc-openapi-starter-webflux-api\2.0.4\springdoc-openapi-starter-webflux-api-2.0.4.jar;D:\JavaWeb\maven\apache-maven-3.9.3\mvn_repo\org\springdoc\springdoc-openapi-starter-webmvc-ui\2.0.4\springdoc-openapi-starter-webmvc-ui-2.0.4.jar;D:\JavaWeb\maven\apache-maven-3.9.3\mvn_repo\org\springdoc\springdoc-openapi-starter-webmvc-api\2.0.4\springdoc-openapi-starter-webmvc-api-2.0.4.jar;D:\JavaWeb\maven\apache-maven-3.9.3\mvn_repo\io\swagger\core\v3\swagger-annotations-jakarta\2.2.8\swagger-annotations-jakarta-2.2.8.jar;D:\JavaWeb\maven\apache-maven-3.9.3\mvn_repo\io\swagger\core\v3\swagger-models-jakarta\2.2.8\swagger-models-jakarta-2.2.8.jar;D:\JavaWeb\maven\apache-maven-3.9.3\mvn_repo\com\fasterxml\jackson\core\jackson-annotations\2.15.4\jackson-annotations-2.15.4.jar;D:\JavaWeb\maven\apache-maven-3.9.3\mvn_repo\io\springfox\springfox-boot-starter\3.0.0\springfox-boot-starter-3.0.0.jar;D:\JavaWeb\maven\apache-maven-3.9.3\mvn_repo\io\springfox\springfox-oas\3.0.0\springfox-oas-3.0.0.jar;D:\JavaWeb\maven\apache-maven-3.9.3\mvn_repo\io\swagger\core\v3\swagger-annotations\2.1.2\swagger-annotations-2.1.2.jar;D:\JavaWeb\maven\apache-maven-3.9.3\mvn_repo\io\swagger\core\v3\swagger-models\2.1.2\swagger-models-2.1.2.jar;D:\JavaWeb\maven\apache-maven-3.9.3\mvn_repo\io\springfox\springfox-spi\3.0.0\springfox-spi-3.0.0.jar;D:\JavaWeb\maven\apache-maven-3.9.3\mvn_repo\io\springfox\springfox-schema\3.0.0\springfox-schema-3.0.0.jar;D:\JavaWeb\maven\apache-maven-3.9.3\mvn_repo\io\springfox\springfox-core\3.0.0\springfox-core-3.0.0.jar;D:\JavaWeb\maven\apache-maven-3.9.3\mvn_repo\io\springfox\springfox-spring-web\3.0.0\springfox-spring-web-3.0.0.jar;D:\JavaWeb\maven\apache-maven-3.9.3\mvn_repo\io\springfox\springfox-spring-webmvc\3.0.0\springfox-spring-webmvc-3.0.0.jar;D:\JavaWeb\maven\apache-maven-3.9.3\mvn_repo\io\springfox\springfox-spring-webflux\3.0.0\springfox-spring-webflux-3.0.0.jar;D:\JavaWeb\maven\apache-maven-3.9.3\mvn_repo\io\springfox\springfox-swagger-common\3.0.0\springfox-swagger-common-3.0.0.jar;D:\JavaWeb\maven\apache-maven-3.9.3\mvn_repo\org\mapstruct\mapstruct\1.3.1.Final\mapstruct-1.3.1.Final.jar;D:\JavaWeb\maven\apache-maven-3.9.3\mvn_repo\io\springfox\springfox-data-rest\3.0.0\springfox-data-rest-3.0.0.jar;D:\JavaWeb\maven\apache-maven-3.9.3\mvn_repo\io\springfox\springfox-bean-validators\3.0.0\springfox-bean-validators-3.0.0.jar;D:\JavaWeb\maven\apache-maven-3.9.3\mvn_repo\io\springfox\springfox-swagger2\3.0.0\springfox-swagger2-3.0.0.jar;D:\JavaWeb\maven\apache-maven-3.9.3\mvn_repo\io\swagger\swagger-annotations\1.5.20\swagger-annotations-1.5.20.jar;D:\JavaWeb\maven\apache-maven-3.9.3\mvn_repo\io\swagger\swagger-models\1.5.20\swagger-models-1.5.20.jar;D:\JavaWeb\maven\apache-maven-3.9.3\mvn_repo\io\springfox\springfox-swagger-ui\3.0.0\springfox-swagger-ui-3.0.0.jar;D:\JavaWeb\maven\apache-maven-3.9.3\mvn_repo\com\fasterxml\classmate\1.6.0\classmate-1.6.0.jar;D:\JavaWeb\maven\apache-maven-3.9.3\mvn_repo\org\slf4j\slf4j-api\2.0.12\slf4j-api-2.0.12.jar;D:\JavaWeb\maven\apache-maven-3.9.3\mvn_repo\org\springframework\plugin\spring-plugin-core\2.0.0.RELEASE\spring-plugin-core-2.0.0.RELEASE.jar;D:\JavaWeb\maven\apache-maven-3.9.3\mvn_repo\org\springframework\plugin\spring-plugin-metadata\2.0.0.RELEASE\spring-plugin-metadata-2.0.0.RELEASE.jar;D:\JavaWeb\maven\apache-maven-3.9.3\mvn_repo\org\springdoc\springdoc-openapi-common\1.6.15\springdoc-openapi-common-1.6.15.jar;D:\JavaWeb\maven\apache-maven-3.9.3\mvn_repo\org\springframework\boot\spring-boot-autoconfigure\3.2.3\spring-boot-autoconfigure-3.2.3.jar;D:\JavaWeb\maven\apache-maven-3.9.3\mvn_repo\io\swagger\core\v3\swagger-core\2.2.8\swagger-core-2.2.8.jar;D:\JavaWeb\maven\apache-maven-3.9.3\mvn_repo\org\apache\commons\commons-lang3\3.13.0\commons-lang3-3.13.0.jar;D:\JavaWeb\maven\apache-maven-3.9.3\mvn_repo\com\fasterxml\jackson\dataformat\jackson-dataformat-yaml\2.15.4\jackson-dataformat-yaml-2.15.4.jar;D:\JavaWeb\maven\apache-maven-3.9.3\mvn_repo\jakarta\validation\jakarta.validation-api\3.0.2\jakarta.validation-api-3.0.2.jar;D:\JavaWeb\maven\apache-maven-3.9.3\mvn_repo\org\springdoc\springdoc-openapi-webflux-core\1.6.15\springdoc-openapi-webflux-core-1.6.15.jar;D:\JavaWeb\maven\apache-maven-3.9.3\mvn_repo\org\springframework\spring-webflux\6.1.4\spring-webflux-6.1.4.jar;D:\JavaWeb\maven\apache-maven-3.9.3\mvn_repo\io\projectreactor\reactor-core\3.6.3\reactor-core-3.6.3.jar;D:\JavaWeb\maven\apache-maven-3.9.3\mvn_repo\org\reactivestreams\reactive-streams\1.0.4\reactive-streams-1.0.4.jar;D:\JavaWeb\maven\apache-maven-3.9.3\mvn_repo\org\springdoc\springdoc-openapi-webmvc-core\1.6.15\springdoc-openapi-webmvc-core-1.6.15.jar;D:\JavaWeb\maven\apache-maven-3.9.3\mvn_repo\org\springdoc\springdoc-openapi-ui\1.6.15\springdoc-openapi-ui-1.6.15.jar;D:\JavaWeb\maven\apache-maven-3.9.3\mvn_repo\org\webjars\swagger-ui\4.17.1\swagger-ui-4.17.1.jar;D:\JavaWeb\maven\apache-maven-3.9.3\mvn_repo\org\webjars\webjars-locator-core\0.55\webjars-locator-core-0.55.jar;D:\JavaWeb\maven\apache-maven-3.9.3\mvn_repo\com\fasterxml\jackson\core\jackson-core\2.15.4\jackson-core-2.15.4.jar;D:\JavaWeb\maven\apache-maven-3.9.3\mvn_repo\io\github\classgraph\classgraph\4.8.149\classgraph-4.8.149.jar;D:\JavaWeb\maven\apache-maven-3.9.3\mvn_repo\io\jsonwebtoken\jjwt-api\0.12.3\jjwt-api-0.12.3.jar;D:\JavaWeb\maven\apache-maven-3.9.3\mvn_repo\io\jsonwebtoken\jjwt-impl\0.12.3\jjwt-impl-0.12.3.jar;D:\JavaWeb\maven\apache-maven-3.9.3\mvn_repo\io\jsonwebtoken\jjwt-jackson\0.12.3\jjwt-jackson-0.12.3.jar;D:\JavaWeb\maven\apache-maven-3.9.3\mvn_repo\com\fasterxml\jackson\core\jackson-databind\2.15.4\jackson-databind-2.15.4.jar;D:\JavaWeb\maven\apache-maven-3.9.3\mvn_repo\javax\servlet\javax.servlet-api\4.0.1\javax.servlet-api-4.0.1.jar;D:\JavaWeb\maven\apache-maven-3.9.3\mvn_repo\org\springframework\boot\spring-boot-starter-aop\3.2.3\spring-boot-starter-aop-3.2.3.jar;D:\JavaWeb\maven\apache-maven-3.9.3\mvn_repo\org\springframework\spring-aop\6.1.4\spring-aop-6.1.4.jar;D:\JavaWeb\maven\apache-maven-3.9.3\mvn_repo\org\aspectj\aspectjweaver\1.9.21\aspectjweaver-1.9.21.jar;D:\JavaWeb\maven\apache-maven-3.9.3\mvn_repo\org\apache\poi\poi\3.16\poi-3.16.jar;D:\JavaWeb\maven\apache-maven-3.9.3\mvn_repo\commons-codec\commons-codec\1.16.1\commons-codec-1.16.1.jar;D:\JavaWeb\maven\apache-maven-3.9.3\mvn_repo\org\apache\commons\commons-collections4\4.1\commons-collections4-4.1.jar;D:\JavaWeb\maven\apache-maven-3.9.3\mvn_repo\org\apache\poi\poi-ooxml\3.16\poi-ooxml-3.16.jar;D:\JavaWeb\maven\apache-maven-3.9.3\mvn_repo\org\apache\poi\poi-ooxml-schemas\3.16\poi-ooxml-schemas-3.16.jar;D:\JavaWeb\maven\apache-maven-3.9.3\mvn_repo\org\apache\xmlbeans\xmlbeans\2.6.0\xmlbeans-2.6.0.jar;D:\JavaWeb\maven\apache-maven-3.9.3\mvn_repo\com\github\virtuald\curvesapi\1.04\curvesapi-1.04.jar;D:\JavaWeb\maven\apache-maven-3.9.3\mvn_repo\com\aliyun\oss\aliyun-sdk-oss\3.15.1\aliyun-sdk-oss-3.15.1.jar;D:\JavaWeb\maven\apache-maven-3.9.3\mvn_repo\org\apache\httpcomponents\httpclient\4.4.1\httpclient-4.4.1.jar;D:\JavaWeb\maven\apache-maven-3.9.3\mvn_repo\org\apache\httpcomponents\httpcore\4.4.16\httpcore-4.4.16.jar;D:\JavaWeb\maven\apache-maven-3.9.3\mvn_repo\commons-logging\commons-logging\1.2\commons-logging-1.2.jar;D:\JavaWeb\maven\apache-maven-3.9.3\mvn_repo\org\jdom\jdom2\2.0.6.1\jdom2-2.0.6.1.jar;D:\JavaWeb\maven\apache-maven-3.9.3\mvn_repo\org\codehaus\jettison\jettison\1.1\jettison-1.1.jar;D:\JavaWeb\maven\apache-maven-3.9.3\mvn_repo\stax\stax-api\1.0.1\stax-api-1.0.1.jar;D:\JavaWeb\maven\apache-maven-3.9.3\mvn_repo\com\aliyun\aliyun-java-sdk-core\4.5.10\aliyun-java-sdk-core-4.5.10.jar;D:\JavaWeb\maven\apache-maven-3.9.3\mvn_repo\com\google\code\gson\gson\2.10.1\gson-2.10.1.jar;D:\JavaWeb\maven\apache-maven-3.9.3\mvn_repo\javax\xml\bind\jaxb-api\2.3.1\jaxb-api-2.3.1.jar;D:\JavaWeb\maven\apache-maven-3.9.3\mvn_repo\javax\activation\javax.activation-api\1.2.0\javax.activation-api-1.2.0.jar;D:\JavaWeb\maven\apache-maven-3.9.3\mvn_repo\org\jacoco\org.jacoco.agent\0.8.5\org.jacoco.agent-0.8.5-runtime.jar;D:\JavaWeb\maven\apache-maven-3.9.3\mvn_repo\org\ini4j\ini4j\0.5.4\ini4j-0.5.4.jar;D:\JavaWeb\maven\apache-maven-3.9.3\mvn_repo\io\opentracing\opentracing-api\0.33.0\opentracing-api-0.33.0.jar;D:\JavaWeb\maven\apache-maven-3.9.3\mvn_repo\io\opentracing\opentracing-util\0.33.0\opentracing-util-0.33.0.jar;D:\JavaWeb\maven\apache-maven-3.9.3\mvn_repo\io\opentracing\opentracing-noop\0.33.0\opentracing-noop-0.33.0.jar;D:\JavaWeb\maven\apache-maven-3.9.3\mvn_repo\com\aliyun\aliyun-java-sdk-ram\3.1.0\aliyun-java-sdk-ram-3.1.0.jar;D:\JavaWeb\maven\apache-maven-3.9.3\mvn_repo\com\aliyun\aliyun-java-sdk-kms\2.11.0\aliyun-java-sdk-kms-2.11.0.jar;"/>
    <property name="java.vm.vendor" value="Oracle Corporation"/>
    <property name="sun.arch.data.model" value="64"/>
    <property name="user.variant" value=""/>
    <property name="java.vendor.url" value="https://java.oracle.com/"/>
    <property name="user.timezone" value="Asia/Shanghai"/>
    <property name="os.name" value="Windows 11"/>
    <property name="java.vm.specification.version" value="19"/>
    <property name="sun.java.launcher" value="SUN_STANDARD"/>
    <property name="user.country" value="CN"/>
    <property name="sun.boot.library.path" value="D:\JDK\bin"/>
    <property name="sun.java.command" value="C:\Users\ivan&apos;s小新\AppData\Local\Temp\surefire14519839376014766316\surefirebooter-20240425194921538_3.jar C:\Users\ivan&apos;s小新\AppData\Local\Temp\surefire14519839376014766316 2024-04-25T19-49-21_207-jvmRun1 surefire-20240425194921538_1tmp surefire_0-20240425194921538_2tmp"/>
    <property name="jdk.debug" value="release"/>
    <property name="surefire.test.class.path" value="C:\Users\ivan&apos;s小新\Desktop\Study\大三下\软件工程综合实验\CommunityManagementSystem\BackEndCode\CommunityManagementSys\target\test-classes;C:\Users\ivan&apos;s小新\Desktop\Study\大三下\软件工程综合实验\CommunityManagementSystem\BackEndCode\CommunityManagementSys\target\classes;D:\JavaWeb\maven\apache-maven-3.9.3\mvn_repo\org\springframework\boot\spring-boot-starter-web\3.2.3\spring-boot-starter-web-3.2.3.jar;D:\JavaWeb\maven\apache-maven-3.9.3\mvn_repo\org\springframework\boot\spring-boot-starter\3.2.3\spring-boot-starter-3.2.3.jar;D:\JavaWeb\maven\apache-maven-3.9.3\mvn_repo\org\springframework\boot\spring-boot\3.2.3\spring-boot-3.2.3.jar;D:\JavaWeb\maven\apache-maven-3.9.3\mvn_repo\org\springframework\boot\spring-boot-starter-logging\3.2.3\spring-boot-starter-logging-3.2.3.jar;D:\JavaWeb\maven\apache-maven-3.9.3\mvn_repo\ch\qos\logback\logback-classic\1.4.14\logback-classic-1.4.14.jar;D:\JavaWeb\maven\apache-maven-3.9.3\mvn_repo\ch\qos\logback\logback-core\1.4.14\logback-core-1.4.14.jar;D:\JavaWeb\maven\apache-maven-3.9.3\mvn_repo\org\apache\logging\log4j\log4j-to-slf4j\2.21.1\log4j-to-slf4j-2.21.1.jar;D:\JavaWeb\maven\apache-maven-3.9.3\mvn_repo\org\apache\logging\log4j\log4j-api\2.21.1\log4j-api-2.21.1.jar;D:\JavaWeb\maven\apache-maven-3.9.3\mvn_repo\org\slf4j\jul-to-slf4j\2.0.12\jul-to-slf4j-2.0.12.jar;D:\JavaWeb\maven\apache-maven-3.9.3\mvn_repo\jakarta\annotation\jakarta.annotation-api\2.1.1\jakarta.annotation-api-2.1.1.jar;D:\JavaWeb\maven\apache-maven-3.9.3\mvn_repo\org\yaml\snakeyaml\2.2\snakeyaml-2.2.jar;D:\JavaWeb\maven\apache-maven-3.9.3\mvn_repo\org\springframework\boot\spring-boot-starter-json\3.2.3\spring-boot-starter-json-3.2.3.jar;D:\JavaWeb\maven\apache-maven-3.9.3\mvn_repo\com\fasterxml\jackson\datatype\jackson-datatype-jdk8\2.15.4\jackson-datatype-jdk8-2.15.4.jar;D:\JavaWeb\maven\apache-maven-3.9.3\mvn_repo\com\fasterxml\jackson\datatype\jackson-datatype-jsr310\2.15.4\jackson-datatype-jsr310-2.15.4.jar;D:\JavaWeb\maven\apache-maven-3.9.3\mvn_repo\com\fasterxml\jackson\module\jackson-module-parameter-names\2.15.4\jackson-module-parameter-names-2.15.4.jar;D:\JavaWeb\maven\apache-maven-3.9.3\mvn_repo\org\springframework\boot\spring-boot-starter-tomcat\3.2.3\spring-boot-starter-tomcat-3.2.3.jar;D:\JavaWeb\maven\apache-maven-3.9.3\mvn_repo\org\apache\tomcat\embed\tomcat-embed-core\10.1.19\tomcat-embed-core-10.1.19.jar;D:\JavaWeb\maven\apache-maven-3.9.3\mvn_repo\org\apache\tomcat\embed\tomcat-embed-el\10.1.19\tomcat-embed-el-10.1.19.jar;D:\JavaWeb\maven\apache-maven-3.9.3\mvn_repo\org\apache\tomcat\embed\tomcat-embed-websocket\10.1.19\tomcat-embed-websocket-10.1.19.jar;D:\JavaWeb\maven\apache-maven-3.9.3\mvn_repo\org\springframework\spring-web\6.1.4\spring-web-6.1.4.jar;D:\JavaWeb\maven\apache-maven-3.9.3\mvn_repo\org\springframework\spring-beans\6.1.4\spring-beans-6.1.4.jar;D:\JavaWeb\maven\apache-maven-3.9.3\mvn_repo\io\micrometer\micrometer-observation\1.12.3\micrometer-observation-1.12.3.jar;D:\JavaWeb\maven\apache-maven-3.9.3\mvn_repo\io\micrometer\micrometer-commons\1.12.3\micrometer-commons-1.12.3.jar;D:\JavaWeb\maven\apache-maven-3.9.3\mvn_repo\org\springframework\spring-webmvc\6.1.4\spring-webmvc-6.1.4.jar;D:\JavaWeb\maven\apache-maven-3.9.3\mvn_repo\org\springframework\spring-context\6.1.4\spring-context-6.1.4.jar;D:\JavaWeb\maven\apache-maven-3.9.3\mvn_repo\org\springframework\spring-expression\6.1.4\spring-expression-6.1.4.jar;D:\JavaWeb\maven\apache-maven-3.9.3\mvn_repo\org\mybatis\spring\boot\mybatis-spring-boot-starter\3.0.3\mybatis-spring-boot-starter-3.0.3.jar;D:\JavaWeb\maven\apache-maven-3.9.3\mvn_repo\org\springframework\boot\spring-boot-starter-jdbc\3.2.3\spring-boot-starter-jdbc-3.2.3.jar;D:\JavaWeb\maven\apache-maven-3.9.3\mvn_repo\com\zaxxer\HikariCP\5.0.1\HikariCP-5.0.1.jar;D:\JavaWeb\maven\apache-maven-3.9.3\mvn_repo\org\springframework\spring-jdbc\6.1.4\spring-jdbc-6.1.4.jar;D:\JavaWeb\maven\apache-maven-3.9.3\mvn_repo\org\mybatis\spring\boot\mybatis-spring-boot-autoconfigure\3.0.3\mybatis-spring-boot-autoconfigure-3.0.3.jar;D:\JavaWeb\maven\apache-maven-3.9.3\mvn_repo\org\mybatis\mybatis\3.5.14\mybatis-3.5.14.jar;D:\JavaWeb\maven\apache-maven-3.9.3\mvn_repo\org\mybatis\mybatis-spring\3.0.3\mybatis-spring-3.0.3.jar;D:\JavaWeb\maven\apache-maven-3.9.3\mvn_repo\com\mysql\mysql-connector-j\8.3.0\mysql-connector-j-8.3.0.jar;D:\JavaWeb\maven\apache-maven-3.9.3\mvn_repo\org\projectlombok\lombok\1.18.30\lombok-1.18.30.jar;D:\JavaWeb\maven\apache-maven-3.9.3\mvn_repo\org\springframework\boot\spring-boot-starter-test\3.2.3\spring-boot-starter-test-3.2.3.jar;D:\JavaWeb\maven\apache-maven-3.9.3\mvn_repo\org\springframework\boot\spring-boot-test\3.2.3\spring-boot-test-3.2.3.jar;D:\JavaWeb\maven\apache-maven-3.9.3\mvn_repo\org\springframework\boot\spring-boot-test-autoconfigure\3.2.3\spring-boot-test-autoconfigure-3.2.3.jar;D:\JavaWeb\maven\apache-maven-3.9.3\mvn_repo\com\jayway\jsonpath\json-path\2.9.0\json-path-2.9.0.jar;D:\JavaWeb\maven\apache-maven-3.9.3\mvn_repo\jakarta\xml\bind\jakarta.xml.bind-api\4.0.1\jakarta.xml.bind-api-4.0.1.jar;D:\JavaWeb\maven\apache-maven-3.9.3\mvn_repo\jakarta\activation\jakarta.activation-api\2.1.2\jakarta.activation-api-2.1.2.jar;D:\JavaWeb\maven\apache-maven-3.9.3\mvn_repo\net\minidev\json-smart\2.5.0\json-smart-2.5.0.jar;D:\JavaWeb\maven\apache-maven-3.9.3\mvn_repo\net\minidev\accessors-smart\2.5.0\accessors-smart-2.5.0.jar;D:\JavaWeb\maven\apache-maven-3.9.3\mvn_repo\org\ow2\asm\asm\9.3\asm-9.3.jar;D:\JavaWeb\maven\apache-maven-3.9.3\mvn_repo\org\assertj\assertj-core\3.24.2\assertj-core-3.24.2.jar;D:\JavaWeb\maven\apache-maven-3.9.3\mvn_repo\net\bytebuddy\byte-buddy\1.14.12\byte-buddy-1.14.12.jar;D:\JavaWeb\maven\apache-maven-3.9.3\mvn_repo\org\awaitility\awaitility\4.2.0\awaitility-4.2.0.jar;D:\JavaWeb\maven\apache-maven-3.9.3\mvn_repo\org\hamcrest\hamcrest\2.2\hamcrest-2.2.jar;D:\JavaWeb\maven\apache-maven-3.9.3\mvn_repo\org\junit\jupiter\junit-jupiter\5.10.2\junit-jupiter-5.10.2.jar;D:\JavaWeb\maven\apache-maven-3.9.3\mvn_repo\org\junit\jupiter\junit-jupiter-api\5.10.2\junit-jupiter-api-5.10.2.jar;D:\JavaWeb\maven\apache-maven-3.9.3\mvn_repo\org\opentest4j\opentest4j\1.3.0\opentest4j-1.3.0.jar;D:\JavaWeb\maven\apache-maven-3.9.3\mvn_repo\org\junit\platform\junit-platform-commons\1.10.2\junit-platform-commons-1.10.2.jar;D:\JavaWeb\maven\apache-maven-3.9.3\mvn_repo\org\apiguardian\apiguardian-api\1.1.2\apiguardian-api-1.1.2.jar;D:\JavaWeb\maven\apache-maven-3.9.3\mvn_repo\org\junit\jupiter\junit-jupiter-params\5.10.2\junit-jupiter-params-5.10.2.jar;D:\JavaWeb\maven\apache-maven-3.9.3\mvn_repo\org\junit\jupiter\junit-jupiter-engine\5.10.2\junit-jupiter-engine-5.10.2.jar;D:\JavaWeb\maven\apache-maven-3.9.3\mvn_repo\org\junit\platform\junit-platform-engine\1.10.2\junit-platform-engine-1.10.2.jar;D:\JavaWeb\maven\apache-maven-3.9.3\mvn_repo\org\mockito\mockito-core\5.7.0\mockito-core-5.7.0.jar;D:\JavaWeb\maven\apache-maven-3.9.3\mvn_repo\net\bytebuddy\byte-buddy-agent\1.14.12\byte-buddy-agent-1.14.12.jar;D:\JavaWeb\maven\apache-maven-3.9.3\mvn_repo\org\objenesis\objenesis\3.3\objenesis-3.3.jar;D:\JavaWeb\maven\apache-maven-3.9.3\mvn_repo\org\mockito\mockito-junit-jupiter\5.7.0\mockito-junit-jupiter-5.7.0.jar;D:\JavaWeb\maven\apache-maven-3.9.3\mvn_repo\org\skyscreamer\jsonassert\1.5.1\jsonassert-1.5.1.jar;D:\JavaWeb\maven\apache-maven-3.9.3\mvn_repo\com\vaadin\external\google\android-json\0.0.20131108.vaadin1\android-json-0.0.20131108.vaadin1.jar;D:\JavaWeb\maven\apache-maven-3.9.3\mvn_repo\org\springframework\spring-core\6.1.4\spring-core-6.1.4.jar;D:\JavaWeb\maven\apache-maven-3.9.3\mvn_repo\org\springframework\spring-jcl\6.1.4\spring-jcl-6.1.4.jar;D:\JavaWeb\maven\apache-maven-3.9.3\mvn_repo\org\springframework\spring-test\6.1.4\spring-test-6.1.4.jar;D:\JavaWeb\maven\apache-maven-3.9.3\mvn_repo\org\xmlunit\xmlunit-core\2.9.1\xmlunit-core-2.9.1.jar;D:\JavaWeb\maven\apache-maven-3.9.3\mvn_repo\org\mybatis\spring\boot\mybatis-spring-boot-starter-test\3.0.3\mybatis-spring-boot-starter-test-3.0.3.jar;D:\JavaWeb\maven\apache-maven-3.9.3\mvn_repo\org\mybatis\spring\boot\mybatis-spring-boot-test-autoconfigure\3.0.3\mybatis-spring-boot-test-autoconfigure-3.0.3.jar;D:\JavaWeb\maven\apache-maven-3.9.3\mvn_repo\org\springframework\spring-tx\6.1.4\spring-tx-6.1.4.jar;D:\JavaWeb\maven\apache-maven-3.9.3\mvn_repo\com\github\pagehelper\pagehelper\5.2.1\pagehelper-5.2.1.jar;D:\JavaWeb\maven\apache-maven-3.9.3\mvn_repo\com\github\jsqlparser\jsqlparser\4.0\jsqlparser-4.0.jar;D:\JavaWeb\maven\apache-maven-3.9.3\mvn_repo\com\github\pagehelper\pagehelper-spring-boot-starter\2.0.0\pagehelper-spring-boot-starter-2.0.0.jar;D:\JavaWeb\maven\apache-maven-3.9.3\mvn_repo\com\github\pagehelper\pagehelper-spring-boot-autoconfigure\2.0.0\pagehelper-spring-boot-autoconfigure-2.0.0.jar;D:\JavaWeb\maven\apache-maven-3.9.3\mvn_repo\com\github\xiaoymin\knife4j-openapi3-jakarta-spring-boot-starter\4.1.0\knife4j-openapi3-jakarta-spring-boot-starter-4.1.0.jar;D:\JavaWeb\maven\apache-maven-3.9.3\mvn_repo\com\github\xiaoymin\knife4j-core\4.1.0\knife4j-core-4.1.0.jar;D:\JavaWeb\maven\apache-maven-3.9.3\mvn_repo\com\github\xiaoymin\knife4j-openapi3-ui\4.1.0\knife4j-openapi3-ui-4.1.0.jar;D:\JavaWeb\maven\apache-maven-3.9.3\mvn_repo\org\springdoc\springdoc-openapi-starter-common\2.0.4\springdoc-openapi-starter-common-2.0.4.jar;D:\JavaWeb\maven\apache-maven-3.9.3\mvn_repo\io\swagger\core\v3\swagger-core-jakarta\2.2.8\swagger-core-jakarta-2.2.8.jar;D:\JavaWeb\maven\apache-maven-3.9.3\mvn_repo\org\springdoc\springdoc-openapi-starter-webflux-ui\2.0.4\springdoc-openapi-starter-webflux-ui-2.0.4.jar;D:\JavaWeb\maven\apache-maven-3.9.3\mvn_repo\org\springdoc\springdoc-openapi-starter-webflux-api\2.0.4\springdoc-openapi-starter-webflux-api-2.0.4.jar;D:\JavaWeb\maven\apache-maven-3.9.3\mvn_repo\org\springdoc\springdoc-openapi-starter-webmvc-ui\2.0.4\springdoc-openapi-starter-webmvc-ui-2.0.4.jar;D:\JavaWeb\maven\apache-maven-3.9.3\mvn_repo\org\springdoc\springdoc-openapi-starter-webmvc-api\2.0.4\springdoc-openapi-starter-webmvc-api-2.0.4.jar;D:\JavaWeb\maven\apache-maven-3.9.3\mvn_repo\io\swagger\core\v3\swagger-annotations-jakarta\2.2.8\swagger-annotations-jakarta-2.2.8.jar;D:\JavaWeb\maven\apache-maven-3.9.3\mvn_repo\io\swagger\core\v3\swagger-models-jakarta\2.2.8\swagger-models-jakarta-2.2.8.jar;D:\JavaWeb\maven\apache-maven-3.9.3\mvn_repo\com\fasterxml\jackson\core\jackson-annotations\2.15.4\jackson-annotations-2.15.4.jar;D:\JavaWeb\maven\apache-maven-3.9.3\mvn_repo\io\springfox\springfox-boot-starter\3.0.0\springfox-boot-starter-3.0.0.jar;D:\JavaWeb\maven\apache-maven-3.9.3\mvn_repo\io\springfox\springfox-oas\3.0.0\springfox-oas-3.0.0.jar;D:\JavaWeb\maven\apache-maven-3.9.3\mvn_repo\io\swagger\core\v3\swagger-annotations\2.1.2\swagger-annotations-2.1.2.jar;D:\JavaWeb\maven\apache-maven-3.9.3\mvn_repo\io\swagger\core\v3\swagger-models\2.1.2\swagger-models-2.1.2.jar;D:\JavaWeb\maven\apache-maven-3.9.3\mvn_repo\io\springfox\springfox-spi\3.0.0\springfox-spi-3.0.0.jar;D:\JavaWeb\maven\apache-maven-3.9.3\mvn_repo\io\springfox\springfox-schema\3.0.0\springfox-schema-3.0.0.jar;D:\JavaWeb\maven\apache-maven-3.9.3\mvn_repo\io\springfox\springfox-core\3.0.0\springfox-core-3.0.0.jar;D:\JavaWeb\maven\apache-maven-3.9.3\mvn_repo\io\springfox\springfox-spring-web\3.0.0\springfox-spring-web-3.0.0.jar;D:\JavaWeb\maven\apache-maven-3.9.3\mvn_repo\io\springfox\springfox-spring-webmvc\3.0.0\springfox-spring-webmvc-3.0.0.jar;D:\JavaWeb\maven\apache-maven-3.9.3\mvn_repo\io\springfox\springfox-spring-webflux\3.0.0\springfox-spring-webflux-3.0.0.jar;D:\JavaWeb\maven\apache-maven-3.9.3\mvn_repo\io\springfox\springfox-swagger-common\3.0.0\springfox-swagger-common-3.0.0.jar;D:\JavaWeb\maven\apache-maven-3.9.3\mvn_repo\org\mapstruct\mapstruct\1.3.1.Final\mapstruct-1.3.1.Final.jar;D:\JavaWeb\maven\apache-maven-3.9.3\mvn_repo\io\springfox\springfox-data-rest\3.0.0\springfox-data-rest-3.0.0.jar;D:\JavaWeb\maven\apache-maven-3.9.3\mvn_repo\io\springfox\springfox-bean-validators\3.0.0\springfox-bean-validators-3.0.0.jar;D:\JavaWeb\maven\apache-maven-3.9.3\mvn_repo\io\springfox\springfox-swagger2\3.0.0\springfox-swagger2-3.0.0.jar;D:\JavaWeb\maven\apache-maven-3.9.3\mvn_repo\io\swagger\swagger-annotations\1.5.20\swagger-annotations-1.5.20.jar;D:\JavaWeb\maven\apache-maven-3.9.3\mvn_repo\io\swagger\swagger-models\1.5.20\swagger-models-1.5.20.jar;D:\JavaWeb\maven\apache-maven-3.9.3\mvn_repo\io\springfox\springfox-swagger-ui\3.0.0\springfox-swagger-ui-3.0.0.jar;D:\JavaWeb\maven\apache-maven-3.9.3\mvn_repo\com\fasterxml\classmate\1.6.0\classmate-1.6.0.jar;D:\JavaWeb\maven\apache-maven-3.9.3\mvn_repo\org\slf4j\slf4j-api\2.0.12\slf4j-api-2.0.12.jar;D:\JavaWeb\maven\apache-maven-3.9.3\mvn_repo\org\springframework\plugin\spring-plugin-core\2.0.0.RELEASE\spring-plugin-core-2.0.0.RELEASE.jar;D:\JavaWeb\maven\apache-maven-3.9.3\mvn_repo\org\springframework\plugin\spring-plugin-metadata\2.0.0.RELEASE\spring-plugin-metadata-2.0.0.RELEASE.jar;D:\JavaWeb\maven\apache-maven-3.9.3\mvn_repo\org\springdoc\springdoc-openapi-common\1.6.15\springdoc-openapi-common-1.6.15.jar;D:\JavaWeb\maven\apache-maven-3.9.3\mvn_repo\org\springframework\boot\spring-boot-autoconfigure\3.2.3\spring-boot-autoconfigure-3.2.3.jar;D:\JavaWeb\maven\apache-maven-3.9.3\mvn_repo\io\swagger\core\v3\swagger-core\2.2.8\swagger-core-2.2.8.jar;D:\JavaWeb\maven\apache-maven-3.9.3\mvn_repo\org\apache\commons\commons-lang3\3.13.0\commons-lang3-3.13.0.jar;D:\JavaWeb\maven\apache-maven-3.9.3\mvn_repo\com\fasterxml\jackson\dataformat\jackson-dataformat-yaml\2.15.4\jackson-dataformat-yaml-2.15.4.jar;D:\JavaWeb\maven\apache-maven-3.9.3\mvn_repo\jakarta\validation\jakarta.validation-api\3.0.2\jakarta.validation-api-3.0.2.jar;D:\JavaWeb\maven\apache-maven-3.9.3\mvn_repo\org\springdoc\springdoc-openapi-webflux-core\1.6.15\springdoc-openapi-webflux-core-1.6.15.jar;D:\JavaWeb\maven\apache-maven-3.9.3\mvn_repo\org\springframework\spring-webflux\6.1.4\spring-webflux-6.1.4.jar;D:\JavaWeb\maven\apache-maven-3.9.3\mvn_repo\io\projectreactor\reactor-core\3.6.3\reactor-core-3.6.3.jar;D:\JavaWeb\maven\apache-maven-3.9.3\mvn_repo\org\reactivestreams\reactive-streams\1.0.4\reactive-streams-1.0.4.jar;D:\JavaWeb\maven\apache-maven-3.9.3\mvn_repo\org\springdoc\springdoc-openapi-webmvc-core\1.6.15\springdoc-openapi-webmvc-core-1.6.15.jar;D:\JavaWeb\maven\apache-maven-3.9.3\mvn_repo\org\springdoc\springdoc-openapi-ui\1.6.15\springdoc-openapi-ui-1.6.15.jar;D:\JavaWeb\maven\apache-maven-3.9.3\mvn_repo\org\webjars\swagger-ui\4.17.1\swagger-ui-4.17.1.jar;D:\JavaWeb\maven\apache-maven-3.9.3\mvn_repo\org\webjars\webjars-locator-core\0.55\webjars-locator-core-0.55.jar;D:\JavaWeb\maven\apache-maven-3.9.3\mvn_repo\com\fasterxml\jackson\core\jackson-core\2.15.4\jackson-core-2.15.4.jar;D:\JavaWeb\maven\apache-maven-3.9.3\mvn_repo\io\github\classgraph\classgraph\4.8.149\classgraph-4.8.149.jar;D:\JavaWeb\maven\apache-maven-3.9.3\mvn_repo\io\jsonwebtoken\jjwt-api\0.12.3\jjwt-api-0.12.3.jar;D:\JavaWeb\maven\apache-maven-3.9.3\mvn_repo\io\jsonwebtoken\jjwt-impl\0.12.3\jjwt-impl-0.12.3.jar;D:\JavaWeb\maven\apache-maven-3.9.3\mvn_repo\io\jsonwebtoken\jjwt-jackson\0.12.3\jjwt-jackson-0.12.3.jar;D:\JavaWeb\maven\apache-maven-3.9.3\mvn_repo\com\fasterxml\jackson\core\jackson-databind\2.15.4\jackson-databind-2.15.4.jar;D:\JavaWeb\maven\apache-maven-3.9.3\mvn_repo\javax\servlet\javax.servlet-api\4.0.1\javax.servlet-api-4.0.1.jar;D:\JavaWeb\maven\apache-maven-3.9.3\mvn_repo\org\springframework\boot\spring-boot-starter-aop\3.2.3\spring-boot-starter-aop-3.2.3.jar;D:\JavaWeb\maven\apache-maven-3.9.3\mvn_repo\org\springframework\spring-aop\6.1.4\spring-aop-6.1.4.jar;D:\JavaWeb\maven\apache-maven-3.9.3\mvn_repo\org\aspectj\aspectjweaver\1.9.21\aspectjweaver-1.9.21.jar;D:\JavaWeb\maven\apache-maven-3.9.3\mvn_repo\org\apache\poi\poi\3.16\poi-3.16.jar;D:\JavaWeb\maven\apache-maven-3.9.3\mvn_repo\commons-codec\commons-codec\1.16.1\commons-codec-1.16.1.jar;D:\JavaWeb\maven\apache-maven-3.9.3\mvn_repo\org\apache\commons\commons-collections4\4.1\commons-collections4-4.1.jar;D:\JavaWeb\maven\apache-maven-3.9.3\mvn_repo\org\apache\poi\poi-ooxml\3.16\poi-ooxml-3.16.jar;D:\JavaWeb\maven\apache-maven-3.9.3\mvn_repo\org\apache\poi\poi-ooxml-schemas\3.16\poi-ooxml-schemas-3.16.jar;D:\JavaWeb\maven\apache-maven-3.9.3\mvn_repo\org\apache\xmlbeans\xmlbeans\2.6.0\xmlbeans-2.6.0.jar;D:\JavaWeb\maven\apache-maven-3.9.3\mvn_repo\com\github\virtuald\curvesapi\1.04\curvesapi-1.04.jar;D:\JavaWeb\maven\apache-maven-3.9.3\mvn_repo\com\aliyun\oss\aliyun-sdk-oss\3.15.1\aliyun-sdk-oss-3.15.1.jar;D:\JavaWeb\maven\apache-maven-3.9.3\mvn_repo\org\apache\httpcomponents\httpclient\4.4.1\httpclient-4.4.1.jar;D:\JavaWeb\maven\apache-maven-3.9.3\mvn_repo\org\apache\httpcomponents\httpcore\4.4.16\httpcore-4.4.16.jar;D:\JavaWeb\maven\apache-maven-3.9.3\mvn_repo\commons-logging\commons-logging\1.2\commons-logging-1.2.jar;D:\JavaWeb\maven\apache-maven-3.9.3\mvn_repo\org\jdom\jdom2\2.0.6.1\jdom2-2.0.6.1.jar;D:\JavaWeb\maven\apache-maven-3.9.3\mvn_repo\org\codehaus\jettison\jettison\1.1\jettison-1.1.jar;D:\JavaWeb\maven\apache-maven-3.9.3\mvn_repo\stax\stax-api\1.0.1\stax-api-1.0.1.jar;D:\JavaWeb\maven\apache-maven-3.9.3\mvn_repo\com\aliyun\aliyun-java-sdk-core\4.5.10\aliyun-java-sdk-core-4.5.10.jar;D:\JavaWeb\maven\apache-maven-3.9.3\mvn_repo\com\google\code\gson\gson\2.10.1\gson-2.10.1.jar;D:\JavaWeb\maven\apache-maven-3.9.3\mvn_repo\javax\xml\bind\jaxb-api\2.3.1\jaxb-api-2.3.1.jar;D:\JavaWeb\maven\apache-maven-3.9.3\mvn_repo\javax\activation\javax.activation-api\1.2.0\javax.activation-api-1.2.0.jar;D:\JavaWeb\maven\apache-maven-3.9.3\mvn_repo\org\jacoco\org.jacoco.agent\0.8.5\org.jacoco.agent-0.8.5-runtime.jar;D:\JavaWeb\maven\apache-maven-3.9.3\mvn_repo\org\ini4j\ini4j\0.5.4\ini4j-0.5.4.jar;D:\JavaWeb\maven\apache-maven-3.9.3\mvn_repo\io\opentracing\opentracing-api\0.33.0\opentracing-api-0.33.0.jar;D:\JavaWeb\maven\apache-maven-3.9.3\mvn_repo\io\opentracing\opentracing-util\0.33.0\opentracing-util-0.33.0.jar;D:\JavaWeb\maven\apache-maven-3.9.3\mvn_repo\io\opentracing\opentracing-noop\0.33.0\opentracing-noop-0.33.0.jar;D:\JavaWeb\maven\apache-maven-3.9.3\mvn_repo\com\aliyun\aliyun-java-sdk-ram\3.1.0\aliyun-java-sdk-ram-3.1.0.jar;D:\JavaWeb\maven\apache-maven-3.9.3\mvn_repo\com\aliyun\aliyun-java-sdk-kms\2.11.0\aliyun-java-sdk-kms-2.11.0.jar;"/>
    <property name="sun.cpu.endian" value="little"/>
    <property name="user.home" value="C:\Users\ivan&apos;s小新"/>
    <property name="user.language" value="zh"/>
    <property name="java.specification.vendor" value="Oracle Corporation"/>
    <property name="java.version.date" value="2023-01-17"/>
    <property name="java.home" value="D:\JDK"/>
    <property name="file.separator" value="\"/>
    <property name="basedir" value="C:\Users\ivan&apos;s小新\Desktop\Study\大三下\软件工程综合实验\CommunityManagementSystem\BackEndCode\CommunityManagementSys"/>
    <property name="java.vm.compressedOopsMode" value="Zero based"/>
    <property name="line.separator" value="&#10;"/>
    <property name="java.vm.specification.vendor" value="Oracle Corporation"/>
    <property name="java.specification.name" value="Java Platform API Specification"/>
    <property name="FILE_LOG_CHARSET" value="UTF-8"/>
    <property name="java.awt.headless" value="true"/>
    <property name="surefire.real.class.path" value="C:\Users\ivan&apos;s小新\AppData\Local\Temp\surefire14519839376014766316\surefirebooter-20240425194921538_3.jar"/>
    <property name="user.script" value=""/>
    <property name="sun.management.compiler" value="HotSpot 64-Bit Tiered Compilers"/>
    <property name="java.runtime.version" value="19.0.2+7-44"/>
    <property name="user.name" value="ivan&apos;s小新"/>
    <property name="stdout.encoding" value="GBK"/>
    <property name="path.separator" value=";"/>
    <property name="os.version" value="10.0"/>
    <property name="java.runtime.name" value="Java(TM) SE Runtime Environment"/>
    <property name="file.encoding" value="UTF-8"/>
    <property name="java.vm.name" value="Java HotSpot(TM) 64-Bit Server VM"/>
    <property name="localRepository" value="D:\JavaWeb\maven\apache-maven-3.9.3\mvn_repo"/>
    <property name="java.vendor.url.bug" value="https://bugreport.java.com/bugreport/"/>
    <property name="java.io.tmpdir" value="C:\Users\IVAN&apos;S~1\AppData\Local\Temp\"/>
    <property name="idea.version" value="2023.2.2"/>
    <property name="java.version" value="19.0.2"/>
    <property name="user.dir" value="C:\Users\ivan&apos;s小新\Desktop\Study\大三下\软件工程综合实验\CommunityManagementSystem\BackEndCode\CommunityManagementSys"/>
    <property name="os.arch" value="amd64"/>
    <property name="java.vm.specification.name" value="Java Virtual Machine Specification"/>
    <property name="PID" value="20188"/>
    <property name="sun.os.patch.level" value=""/>
    <property name="CONSOLE_LOG_CHARSET" value="UTF-8"/>
    <property name="native.encoding" value="GBK"/>
    <property name="java.library.path" value="D:\JDK\bin;C:\WINDOWS\Sun\Java\bin;C:\WINDOWS\system32;C:\WINDOWS;C:\Program Files\Microsoft MPI\Bin\;D:\vm\bin\;C:\Program Files\Common Files\Oracle\Java\javapath;C:\WINDOWS\system32;C:\WINDOWS;C:\WINDOWS\System32\Wbem;C:\WINDOWS\System32\WindowsPowerShell\v1.0\;C:\WINDOWS\System32\OpenSSH\;C:\Program Files\TortoiseSVN\bin;C:\Program Files (x86)\Microsoft SQL Server\160\Tools\Binn\;C:\Program Files\Microsoft SQL Server\160\Tools\Binn\;C:\Program Files\Microsoft SQL Server\Client SDK\ODBC\170\Tools\Binn\;C:\Program Files\Microsoft SQL Server\160\DTS\Binn\;C:\Program Files (x86)\Microsoft SQL Server\160\DTS\Binn\;%NODE_PATH%;D:\Python\Scripts;D:\微信web开发者工具\dll;D:\git\Git\cmd;C:\\Users\\ivan&apos;s小新\\AppData\\Roaming\\npm;C:\Program Files\MySQL\MySQL Server 8.0\bin;D:\nvm;D:\nodejs;C:\Program Files\TortoiseGit\bin;D:\JavaWeb\maven\apache-maven-3.9.3\bin;C:\Program Files (x86)\ZeroTier\One\;D:\application\opencv\opencv\build\x64\vc16\bin;D:\ffmpeg4.4\ffmpeg-n4.4.4-6-gd5fa6e3a91-win64-lgpl-4.4\bin;C:\Program Files\Docker\Docker\resources\bin;C:\Users\ivan&apos;s小新\AppData\Local\Google\Chrome\Application;C:\Program Files\dotnet\;D:\JDK\bin;D:\JDK\jre\bin;C:\Program Files\Microsoft VS Code\bin;D:\software\mongodb\Server\7.0\bin;D:\software\anoconda;D:\software\anoconda\Library\mingw-w64\bin;D:\software\anoconda\Library\usr\bin;D:\software\anoconda\Library\bin;D:\software\anoconda\Scripts;D:\Python;C:\Program Files\Azure Data Studio\bin;C:\Users\ivan&apos;s小新\AppData\Local\Microsoft\WindowsApps;D:\nodejs;D:\nodejs\node_global;D:\Microsoft VS Code\bin;D:\nvm;D:\nodejs;."/>
    <property name="java.vm.info" value="mixed mode, sharing"/>
    <property name="stderr.encoding" value="GBK"/>
    <property name="java.vendor" value="Oracle Corporation"/>
    <property name="java.vm.version" value="19.0.2+7-44"/>
    <property name="sun.io.unicode.encoding" value="UnicodeLittle"/>
    <property name="java.class.version" value="63.0"/>
  </properties>
  <testcase name="testMd5" classname="com.ivan.communitymanagementsys.CommunityManagementSysApplicationTests" time="1.126">
    <system-out><![CDATA[19:49:23.082 [main] INFO org.springframework.test.context.support.AnnotationConfigContextLoaderUtils -- Could not detect default configuration classes for test class [com.ivan.communitymanagementsys.CommunityManagementSysApplicationTests]: CommunityManagementSysApplicationTests does not declare any static, non-private, non-final, nested classes annotated with @Configuration.
19:49:23.246 [main] INFO org.springframework.boot.test.context.SpringBootTestContextBootstrapper -- Found @SpringBootConfiguration com.ivan.communitymanagementsys.CommunityManagementSysApplication for test class com.ivan.communitymanagementsys.CommunityManagementSysApplicationTests

  .   ____          _            __ _ _
 /\\ / ___'_ __ _ _(_)_ __  __ _ \ \ \ \
( ( )\___ | '_ | '_| | '_ \/ _` | \ \ \ \
 \\/  ___)| |_)| | | | | || (_| |  ) ) ) )
  '  |____| .__|_| |_|_| |_\__, | / / / /
 =========|_|==============|___/=/_/_/_/
 :: Spring Boot ::                (v3.2.3)

2024-04-25T19:49:23.958+08:00  INFO 20188 --- [           main] c.CommunityManagementSysApplicationTests : Starting CommunityManagementSysApplicationTests using Java 19.0.2 with PID 20188 (started by ivan's小新 in C:\Users\ivan's小新\Desktop\Study\大三下\软件工程综合实验\CommunityManagementSystem\BackEndCode\CommunityManagementSys)
2024-04-25T19:49:23.959+08:00  INFO 20188 --- [           main] c.CommunityManagementSysApplicationTests : No active profile set, falling back to 1 default profile: "default"
2024-04-25T19:49:27.126+08:00  INFO 20188 --- [           main] c.i.c.config.WebMvcConfiguration         : 开始注册自定义拦截器...
2024-04-25T19:49:29.061+08:00  INFO 20188 --- [           main] c.CommunityManagementSysApplicationTests : Started CommunityManagementSysApplicationTests in 5.551 seconds (process running for 6.993)
e10adc3949ba59abbe56e057f20f883e
]]></system-out>
  </testcase>
  <testcase name="testPOI" classname="com.ivan.communitymanagementsys.CommunityManagementSysApplicationTests" time="0.539"/>
  <testcase name="contextLoads" classname="com.ivan.communitymanagementsys.CommunityManagementSysApplicationTests" time="0.004"/>
  <testcase name="testGenJwt" classname="com.ivan.communitymanagementsys.CommunityManagementSysApplicationTests" time="0.169">
    <system-out><![CDATA[eyJhbGciOiJIUzI1NiJ9.eyJuYW1lIjoiaXZhbiIsImlkIjoxLCJleHAiOjE3MTQwNDkzNzB9.VnbKGzUL9P0Dic21iSHAnLhIAj26lW4t9BX6BsIdAKI
]]></system-out>
  </testcase>
</testsuite>